[1128/105131.311:ERROR:process_memory_win.cc(73)] ReadMemory at 0x7ff65e5f0000 of 64 bytes failed: Bare deler av en ReadProcessMemory- eller WriteProcessMemory-forespørsel ble fullført. (0x12B)
[1128/105131.312:WARNING:pe_image_reader.cc(340)] could not read dos header from C:\Program Files (x86)\Google\Chrome\Application\chrome.exe
[1128/105131.312:ERROR:process_memory_win.cc(73)] ReadMemory at 0x1ce2f033b80 of 72 bytes failed: Bare deler av en ReadProcessMemory- eller WriteProcessMemory-forespørsel ble fullført. (0x12B)
[1128/105131.312:WARNING:pe_image_annotations_reader.cc(134)] could not read annotations list object in C:\Program Files (x86)\Google\Chrome\Application\78.0.3904.108\chrome_elf.dll
[1128/105131.313:ERROR:process_memory_win.cc(73)] ReadMemory at 0x1ce2f336620 of 72 bytes failed: Bare deler av en ReadProcessMemory- eller WriteProcessMemory-forespørsel ble fullført. (0x12B)
[1128/105131.313:WARNING:pe_image_annotations_reader.cc(134)] could not read annotations list object in C:\Program Files (x86)\Google\Chrome\Application\78.0.3904.108\chrome_child.dll
[1128/105131.313:ERROR:process_memory_win.cc(73)] ReadMemory at 0x1ce2f060000 of 64 bytes failed: Bare deler av en ReadProcessMemory- eller WriteProcessMemory-forespørsel ble fullført. (0x12B)
[1128/105131.313:WARNING:pe_image_reader.cc(340)] could not read dos header from C:\WINDOWS\System32\NSI.dll
[1128/105131.313:ERROR:process_memory_win.cc(73)] ReadMemory at 0x7ff65e5f0000 of 64 bytes failed: Bare deler av en ReadProcessMemory- eller WriteProcessMemory-forespørsel ble fullført. (0x12B)
[1128/105131.314:WARNING:pe_image_reader.cc(340)] could not read dos header from C:\Program Files (x86)\Google\Chrome\Application\chrome.exe
[1128/105131.314:ERROR:process_memory_win.cc(73)] ReadMemory at 0x1ce2f033b80 of 72 bytes failed: Bare deler av en ReadProcessMemory- eller WriteProcessMemory-forespørsel ble fullført. (0x12B)
[1128/105131.314:WARNING:pe_image_annotations_reader.cc(134)] could not read annotations list object in C:\Program Files (x86)\Google\Chrome\Application\78.0.3904.108\chrome_elf.dll
[1128/105131.314:ERROR:process_memory_win.cc(73)] ReadMemory at 0x1ce2f336620 of 72 bytes failed: Bare deler av en ReadProcessMemory- eller WriteProcessMemory-forespørsel ble fullført. (0x12B)
[1128/105131.314:WARNING:pe_image_annotations_reader.cc(134)] could not read annotations list object in C:\Program Files (x86)\Google\Chrome\Application\78.0.3904.108\chrome_child.dll
[1128/105131.314:ERROR:process_memory_win.cc(73)] ReadMemory at 0x1ce2f060000 of 64 bytes failed: Bare deler av en ReadProcessMemory- eller WriteProcessMemory-forespørsel ble fullført. (0x12B)
[1128/105131.314:WARNING:pe_image_reader.cc(340)] could not read dos header from C:\WINDOWS\System32\NSI.dll
[1128/105131.327:ERROR:process_memory_win.cc(73)] ReadMemory at 0x11337f8000 of 32768 bytes failed: Bare deler av en ReadProcessMemory- eller WriteProcessMemory-forespørsel ble fullført. (0x12B)
[1128/105131.327:ERROR:process_memory_win.cc(73)] ReadMemory at 0x1133ffd000 of 12288 bytes failed: Bare deler av en ReadProcessMemory- eller WriteProcessMemory-forespørsel ble fullført. (0x12B)
[1128/105131.327:ERROR:process_memory_win.cc(73)] ReadMemory at 0x11347fd000 of 12288 bytes failed: Bare deler av en ReadProcessMemory- eller WriteProcessMemory-forespørsel ble fullført. (0x12B)
[1128/105131.327:ERROR:process_memory_win.cc(73)] ReadMemory at 0x1134ffd000 of 12288 bytes failed: Bare deler av en ReadProcessMemory- eller WriteProcessMemory-forespørsel ble fullført. (0x12B)
[1128/105131.327:ERROR:process_memory_win.cc(73)] ReadMemory at 0x11357fc000 of 16384 bytes failed: Bare deler av en ReadProcessMemory- eller WriteProcessMemory-forespørsel ble fullført. (0x12B)
[1128/105131.327:ERROR:process_memory_win.cc(73)] ReadMemory at 0x1135fff000 of 4096 bytes failed: Bare deler av en ReadProcessMemory- eller WriteProcessMemory-forespørsel ble fullført. (0x12B)
[1128/105131.327:ERROR:process_memory_win.cc(73)] ReadMemory at 0x11367fd000 of 12288 bytes failed: Bare deler av en ReadProcessMemory- eller WriteProcessMemory-forespørsel ble fullført. (0x12B)
[1128/105131.327:ERROR:process_memory_win.cc(73)] ReadMemory at 0x1136ffd000 of 12288 bytes failed: Bare deler av en ReadProcessMemory- eller WriteProcessMemory-forespørsel ble fullført. (0x12B)
[1128/105131.327:ERROR:process_memory_win.cc(73)] ReadMemory at 0x11377fd000 of 12288 bytes failed: Bare deler av en ReadProcessMemory- eller WriteProcessMemory-forespørsel ble fullført. (0x12B)
[1128/105131.328:ERROR:process_memory_win.cc(73)] ReadMemory at 0x1137ffd000 of 12288 bytes failed: Bare deler av en ReadProcessMemory- eller WriteProcessMemory-forespørsel ble fullført. (0x12B)
[1128/105131.328:ERROR:process_memory_win.cc(73)] ReadMemory at 0x11387fd000 of 12288 bytes failed: Bare deler av en ReadProcessMemory- eller WriteProcessMemory-forespørsel ble fullført. (0x12B)
[1128/105131.328:ERROR:process_memory_win.cc(73)] ReadMemory at 0x1138ffd000 of 12288 bytes failed: Bare deler av en ReadProcessMemory- eller WriteProcessMemory-forespørsel ble fullført. (0x12B)
[1128/105131.328:ERROR:process_memory_win.cc(73)] ReadMemory at 0x11397ff000 of 4096 bytes failed: Bare deler av en ReadProcessMemory- eller WriteProcessMemory-forespørsel ble fullført. (0x12B)
[1128/105131.328:ERROR:process_memory_win.cc(73)] ReadMemory at 0x1132e0d000 of 852 bytes failed: Bare deler av en ReadProcessMemory- eller WriteProcessMemory-forespørsel ble fullført. (0x12B)
[1128/105131.328:ERROR:process_memory_win.cc(73)] ReadMemory at 0x1132e0e000 of 6024 bytes failed: Bare deler av en ReadProcessMemory- eller WriteProcessMemory-forespørsel ble fullført. (0x12B)
[1128/105131.328:ERROR:process_memory_win.cc(73)] ReadMemory at 0x1132e10000 of 6024 bytes failed: Bare deler av en ReadProcessMemory- eller WriteProcessMemory-forespørsel ble fullført. (0x12B)
[1128/105131.328:ERROR:process_memory_win.cc(73)] ReadMemory at 0x1132e12000 of 6024 bytes failed: Bare deler av en ReadProcessMemory- eller WriteProcessMemory-forespørsel ble fullført. (0x12B)
[1128/105131.328:ERROR:process_memory_win.cc(73)] ReadMemory at 0x1132e14000 of 6024 bytes failed: Bare deler av en ReadProcessMemory- eller WriteProcessMemory-forespørsel ble fullført. (0x12B)
[1128/105131.329:ERROR:process_memory_win.cc(73)] ReadMemory at 0x1132e16000 of 6024 bytes failed: Bare deler av en ReadProcessMemory- eller WriteProcessMemory-forespørsel ble fullført. (0x12B)
[1128/105131.329:ERROR:process_memory_win.cc(73)] ReadMemory at 0x1132e18000 of 6024 bytes failed: Bare deler av en ReadProcessMemory- eller WriteProcessMemory-forespørsel ble fullført. (0x12B)
[1128/105131.330:ERROR:process_memory_win.cc(73)] ReadMemory at 0x1132e1a000 of 6024 bytes failed: Bare deler av en ReadProcessMemory- eller WriteProcessMemory-forespørsel ble fullført. (0x12B)
[1128/105131.330:ERROR:process_memory_win.cc(73)] ReadMemory at 0x1132e1c000 of 6024 bytes failed: Bare deler av en ReadProcessMemory- eller WriteProcessMemory-forespørsel ble fullført. (0x12B)
[1128/105131.330:ERROR:process_memory_win.cc(73)] ReadMemory at 0x1132e1e000 of 6024 bytes failed: Bare deler av en ReadProcessMemory- eller WriteProcessMemory-forespørsel ble fullført. (0x12B)
[1128/105131.330:ERROR:process_memory_win.cc(73)] ReadMemory at 0x1132e20000 of 6024 bytes failed: Bare deler av en ReadProcessMemory- eller WriteProcessMemory-forespørsel ble fullført. (0x12B)
[1128/105131.330:ERROR:process_memory_win.cc(73)] ReadMemory at 0x1132e22000 of 6024 bytes failed: Bare deler av en ReadProcessMemory- eller WriteProcessMemory-forespørsel ble fullført. (0x12B)
[1128/105131.330:ERROR:process_memory_win.cc(73)] ReadMemory at 0x1132e24000 of 6024 bytes failed: Bare deler av en ReadProcessMemory- eller WriteProcessMemory-forespørsel ble fullført. (0x12B)
[1128/105131.330:ERROR:process_memory_win.cc(73)] ReadMemory at 0x1132e26000 of 6024 bytes failed: Bare deler av en ReadProcessMemory- eller WriteProcessMemory-forespørsel ble fullført. (0x12B)
[1128/105131.330:ERROR:process_memory_win.cc(73)] ReadMemory at 0x1ce2f070fe0 of 4446 bytes failed: Bare deler av en ReadProcessMemory- eller WriteProcessMemory-forespørsel ble fullført. (0x12B)
[1128/105131.331:ERROR:process_memory_win.cc(73)] ReadMemory at 0x1ce2f072150 of 1012 bytes failed: Bare deler av en ReadProcessMemory- eller WriteProcessMemory-forespørsel ble fullført. (0x12B)
[1128/105131.331:ERROR:process_memory_win.cc(73)] ReadMemory at 0x1ce2f072798 of 118 bytes failed: Bare deler av en ReadProcessMemory- eller WriteProcessMemory-forespørsel ble fullført. (0x12B)
[1128/105131.331:ERROR:process_memory_win.cc(73)] ReadMemory at 0x1ce2f072810 of 856 bytes failed: Bare deler av en ReadProcessMemory- eller WriteProcessMemory-forespørsel ble fullført. (0x12B)
[1128/105131.331:ERROR:process_memory_win.cc(73)] ReadMemory at 0x1ce2f072b6a of 118 bytes failed: Bare deler av en ReadProcessMemory- eller WriteProcessMemory-forespørsel ble fullført. (0x12B)
[1128/105131.331:ERROR:process_memory_win.cc(73)] ReadMemory at 0x1ce2f072be2 of 96 bytes failed: Bare deler av en ReadProcessMemory- eller WriteProcessMemory-forespørsel ble fullført. (0x12B)
[1128/105131.331:ERROR:process_memory_win.cc(73)] ReadMemory at 0x1ce2f072c50 of 58 bytes failed: Bare deler av en ReadProcessMemory- eller WriteProcessMemory-forespørsel ble fullført. (0x12B)
[1128/105131.331:ERROR:process_memory_win.cc(73)] ReadMemory at 0x1ce2f072d50 of 132 bytes failed: Bare deler av en ReadProcessMemory- eller WriteProcessMemory-forespørsel ble fullført. (0x12B)
[1128/105131.331:ERROR:process_memory_win.cc(73)] ReadMemory at 0x1ce2f072ee0 of 132 bytes failed: Bare deler av en ReadProcessMemory- eller WriteProcessMemory-forespørsel ble fullført. (0x12B)
[1128/105131.331:ERROR:process_memory_win.cc(73)] ReadMemory at 0x1ce2f0730a0 of 126 bytes failed: Bare deler av en ReadProcessMemory- eller WriteProcessMemory-forespørsel ble fullført. (0x12B)
[1128/105131.331:ERROR:process_memory_win.cc(73)] ReadMemory at 0x1ce2f073480 of 132 bytes failed: Bare deler av en ReadProcessMemory- eller WriteProcessMemory-forespørsel ble fullført. (0x12B)
[1128/105131.331:ERROR:process_memory_win.cc(73)] ReadMemory at 0x1ce2f073610 of 64 bytes failed: Bare deler av en ReadProcessMemory- eller WriteProcessMemory-forespørsel ble fullført. (0x12B)
[1128/105131.331:ERROR:process_memory_win.cc(73)] ReadMemory at 0x1ce2f073660 of 132 bytes failed: Bare deler av en ReadProcessMemory- eller WriteProcessMemory-forespørsel ble fullført. (0x12B)
[1128/105131.331:ERROR:process_memory_win.cc(73)] ReadMemory at 0x1ce2f0737d0 of 132 bytes failed: Bare deler av en ReadProcessMemory- eller WriteProcessMemory-forespørsel ble fullført. (0x12B)
[1128/105131.332:ERROR:process_memory_win.cc(73)] ReadMemory at 0x1ce2f073a70 of 132 bytes failed: Bare deler av en ReadProcessMemory- eller WriteProcessMemory-forespørsel ble fullført. (0x12B)
[1128/105131.332:ERROR:process_memory_win.cc(73)] ReadMemory at 0x1ce2f073c00 of 68 bytes failed: Bare deler av en ReadProcessMemory- eller WriteProcessMemory-forespørsel ble fullført. (0x12B)
[1128/105131.332:ERROR:process_memory_win.cc(73)] ReadMemory at 0x1ce2f074d00 of 132 bytes failed: Bare deler av en ReadProcessMemory- eller WriteProcessMemory-forespørsel ble fullført. (0x12B)
[1128/105131.332:ERROR:process_memory_win.cc(73)] ReadMemory at 0x1ce2f074e90 of 154 bytes failed: Bare deler av en ReadProcessMemory- eller WriteProcessMemory-forespørsel ble fullført. (0x12B)
[1128/105131.332:ERROR:process_memory_win.cc(73)] ReadMemory at 0x1ce2f075d20 of 62 bytes failed: Bare deler av en ReadProcessMemory- eller WriteProcessMemory-forespørsel ble fullført. (0x12B)
[1128/105131.332:ERROR:process_memory_win.cc(73)] ReadMemory at 0x1ce2f075e80 of 132 bytes failed: Bare deler av en ReadProcessMemory- eller WriteProcessMemory-forespørsel ble fullført. (0x12B)
[1128/105131.332:ERROR:process_memory_win.cc(73)] ReadMemory at 0x1ce2f076010 of 60 bytes failed: Bare deler av en ReadProcessMemory- eller WriteProcessMemory-forespørsel ble fullført. (0x12B)
[1128/105131.332:ERROR:process_memory_win.cc(73)] ReadMemory at 0x1ce2f07684c of 512 bytes failed: Bare deler av en ReadProcessMemory- eller WriteProcessMemory-forespørsel ble fullført. (0x12B)
[1128/105131.332:ERROR:process_memory_win.cc(73)] ReadMemory at 0x1ce2f076e80 of 132 bytes failed: Bare deler av en ReadProcessMemory- eller WriteProcessMemory-forespørsel ble fullført. (0x12B)
[1128/105131.332:ERROR:process_memory_win.cc(73)] ReadMemory at 0x1ce2f0770f0 of 132 bytes failed: Bare deler av en ReadProcessMemory- eller WriteProcessMemory-forespørsel ble fullført. (0x12B)
[1128/105131.332:ERROR:process_memory_win.cc(73)] ReadMemory at 0x1ce2f079cd0 of 158 bytes failed: Bare deler av en ReadProcessMemory- eller WriteProcessMemory-forespørsel ble fullført. (0x12B)
[1128/105131.332:ERROR:process_memory_win.cc(73)] ReadMemory at 0x1ce2f079da0 of 132 bytes failed: Bare deler av en ReadProcessMemory- eller WriteProcessMemory-forespørsel ble fullført. (0x12B)
[1128/105131.333:ERROR:process_memory_win.cc(73)] ReadMemory at 0x1ce2f079f30 of 80 bytes failed: Bare deler av en ReadProcessMemory- eller WriteProcessMemory-forespørsel ble fullført. (0x12B)
[1128/105131.333:ERROR:process_memory_win.cc(73)] ReadMemory at 0x1ce2f07a050 of 66 bytes failed: Bare deler av en ReadProcessMemory- eller WriteProcessMemory-forespørsel ble fullført. (0x12B)
[1128/105131.333:ERROR:process_memory_win.cc(73)] ReadMemory at 0x1ce2f07a0a0 of 64 bytes failed: Bare deler av en ReadProcessMemory- eller WriteProcessMemory-forespørsel ble fullført. (0x12B)
[1128/105131.333:ERROR:process_memory_win.cc(73)] ReadMemory at 0x1ce2f07a140 of 62 bytes failed: Bare deler av en ReadProcessMemory- eller WriteProcessMemory-forespørsel ble fullført. (0x12B)
[1128/105131.333:ERROR:process_memory_win.cc(73)] ReadMemory at 0x1ce2f07a190 of 60 bytes failed: Bare deler av en ReadProcessMemory- eller WriteProcessMemory-forespørsel ble fullført. (0x12B)
[1128/105131.333:ERROR:process_memory_win.cc(73)] ReadMemory at 0x1ce2f07a230 of 64 bytes failed: Bare deler av en ReadProcessMemory- eller WriteProcessMemory-forespørsel ble fullført. (0x12B)
[1128/105131.333:ERROR:process_memory_win.cc(73)] ReadMemory at 0x1ce2f07a500 of 64 bytes failed: Bare deler av en ReadProcessMemory- eller WriteProcessMemory-forespørsel ble fullført. (0x12B)
[1128/105131.333:ERROR:process_memory_win.cc(73)] ReadMemory at 0x1ce2f07a640 of 60 bytes failed: Bare deler av en ReadProcessMemory- eller WriteProcessMemory-forespørsel ble fullført. (0x12B)
[1128/105131.333:ERROR:process_memory_win.cc(73)] ReadMemory at 0x1ce2f07a730 of 64 bytes failed: Bare deler av en ReadProcessMemory- eller WriteProcessMemory-forespørsel ble fullført. (0x12B)
[1128/105131.333:ERROR:process_memory_win.cc(73)] ReadMemory at 0x1ce2f07a780 of 62 bytes failed: Bare deler av en ReadProcessMemory- eller WriteProcessMemory-forespørsel ble fullført. (0x12B)
[1128/105131.333:ERROR:process_memory_win.cc(73)] ReadMemory at 0x1ce2f07b4a0 of 132 bytes failed: Bare deler av en ReadProcessMemory- eller WriteProcessMemory-forespørsel ble fullført. (0x12B)
[1128/105131.333:ERROR:process_memory_win.cc(73)] ReadMemory at 0x1ce2f07b5d0 of 132 bytes failed: Bare deler av en ReadProcessMemory- eller WriteProcessMemory-forespørsel ble fullført. (0x12B)
[1128/105131.333:ERROR:process_memory_win.cc(73)] ReadMemory at 0x1ce2f07b700 of 132 bytes failed: Bare deler av en ReadProcessMemory- eller WriteProcessMemory-forespørsel ble fullført. (0x12B)
[1128/105131.334:ERROR:process_memory_win.cc(73)] ReadMemory at 0x1ce2f07b830 of 132 bytes failed: Bare deler av en ReadProcessMemory- eller WriteProcessMemory-forespørsel ble fullført. (0x12B)
[1128/105131.334:ERROR:process_memory_win.cc(73)] ReadMemory at 0x1ce2f07b960 of 132 bytes failed: Bare deler av en ReadProcessMemory- eller WriteProcessMemory-forespørsel ble fullført. (0x12B)
[1128/105131.334:ERROR:process_memory_win.cc(73)] ReadMemory at 0x1ce2f07ba90 of 132 bytes failed: Bare deler av en ReadProcessMemory- eller WriteProcessMemory-forespørsel ble fullført. (0x12B)
[1128/105131.334:ERROR:process_memory_win.cc(73)] ReadMemory at 0x1ce2f07bcf0 of 132 bytes failed: Bare deler av en ReadProcessMemory- eller WriteProcessMemory-forespørsel ble fullført. (0x12B)
[1128/105131.334:ERROR:process_memory_win.cc(73)] ReadMemory at 0x1ce2f07be20 of 132 bytes failed: Bare deler av en ReadProcessMemory- eller WriteProcessMemory-forespørsel ble fullført. (0x12B)
[1128/105131.334:ERROR:process_memory_win.cc(73)] ReadMemory at 0x1ce2f07bf50 of 132 bytes failed: Bare deler av en ReadProcessMemory- eller WriteProcessMemory-forespørsel ble fullført. (0x12B)
[1128/105131.334:ERROR:process_memory_win.cc(73)] ReadMemory at 0x1ce2f07c080 of 132 bytes failed: Bare deler av en ReadProcessMemory- eller WriteProcessMemory-forespørsel ble fullført. (0x12B)
[1128/105131.334:ERROR:process_memory_win.cc(73)] ReadMemory at 0x1ce2f07c1b0 of 132 bytes failed: Bare deler av en ReadProcessMemory- eller WriteProcessMemory-forespørsel ble fullført. (0x12B)
[1128/105131.334:ERROR:process_memory_win.cc(73)] ReadMemory at 0x1ce2f07c2e0 of 132 bytes failed: Bare deler av en ReadProcessMemory- eller WriteProcessMemory-forespørsel ble fullført. (0x12B)
[1128/105131.334:ERROR:process_memory_win.cc(73)] ReadMemory at 0x1ce2f07db50 of 512 bytes failed: Bare deler av en ReadProcessMemory- eller WriteProcessMemory-forespørsel ble fullført. (0x12B)
[1128/105131.335:ERROR:process_memory_win.cc(73)] ReadMemory at 0x1ce2f07e360 of 132 bytes failed: Bare deler av en ReadProcessMemory- eller WriteProcessMemory-forespørsel ble fullført. (0x12B)
[1128/105131.335:ERROR:process_memory_win.cc(73)] ReadMemory at 0x1ce2f07e600 of 132 bytes failed: Bare deler av en ReadProcessMemory- eller WriteProcessMemory-forespørsel ble fullført. (0x12B)
[1128/105131.335:ERROR:process_memory_win.cc(73)] ReadMemory at 0x1ce2f07f5c0 of 132 bytes failed: Bare deler av en ReadProcessMemory- eller WriteProcessMemory-forespørsel ble fullført. (0x12B)
[1128/105131.335:ERROR:process_memory_win.cc(73)] ReadMemory at 0x1ce2f080e10 of 132 bytes failed: Bare deler av en ReadProcessMemory- eller WriteProcessMemory-forespørsel ble fullført. (0x12B)
[1128/105131.335:ERROR:process_memory_win.cc(73)] ReadMemory at 0x1ce2f081020 of 132 bytes failed: Bare deler av en ReadProcessMemory- eller WriteProcessMemory-forespørsel ble fullført. (0x12B)
[1128/105131.335:ERROR:process_memory_win.cc(73)] ReadMemory at 0x1ce2f0813d0 of 132 bytes failed: Bare deler av en ReadProcessMemory- eller WriteProcessMemory-forespørsel ble fullført. (0x12B)
[1128/105131.335:ERROR:process_memory_win.cc(73)] ReadMemory at 0x1ce2f083020 of 54 bytes failed: Bare deler av en ReadProcessMemory- eller WriteProcessMemory-forespørsel ble fullført. (0x12B)
[1128/105131.335:ERROR:process_memory_win.cc(73)] ReadMemory at 0x1ce2f084c80 of 76 bytes failed: Bare deler av en ReadProcessMemory- eller WriteProcessMemory-forespørsel ble fullført. (0x12B)
[1128/105131.335:ERROR:process_memory_win.cc(73)] ReadMemory at 0x1ce2f085030 of 62 bytes failed: Bare deler av en ReadProcessMemory- eller WriteProcessMemory-forespørsel ble fullført. (0x12B)
[1128/105131.335:ERROR:process_memory_win.cc(73)] ReadMemory at 0x1ce2f0850d0 of 64 bytes failed: Bare deler av en ReadProcessMemory- eller WriteProcessMemory-forespørsel ble fullført. (0x12B)
[1128/105131.335:ERROR:process_memory_win.cc(73)] ReadMemory at 0x1ce2f0851c0 of 66 bytes failed: Bare deler av en ReadProcessMemory- eller WriteProcessMemory-forespørsel ble fullført. (0x12B)
[1128/105131.343:ERROR:process_memory_win.cc(73)] ReadMemory at 0x1ce2f0852b0 of 60 bytes failed: Bare deler av en ReadProcessMemory- eller WriteProcessMemory-forespørsel ble fullført. (0x12B)
[1128/105131.343:ERROR:process_memory_win.cc(73)] ReadMemory at 0x1ce2f085350 of 62 bytes failed: Bare deler av en ReadProcessMemory- eller WriteProcessMemory-forespørsel ble fullført. (0x12B)
[1128/105131.343:ERROR:process_memory_win.cc(73)] ReadMemory at 0x1ce2f0854e0 of 60 bytes failed: Bare deler av en ReadProcessMemory- eller WriteProcessMemory-forespørsel ble fullført. (0x12B)
[1128/105131.343:ERROR:process_memory_win.cc(73)] ReadMemory at 0x1ce2f085530 of 62 bytes failed: Bare deler av en ReadProcessMemory- eller WriteProcessMemory-forespørsel ble fullført. (0x12B)
[1128/105131.343:ERROR:process_memory_win.cc(73)] ReadMemory at 0x1ce2f085760 of 64 bytes failed: Bare deler av en ReadProcessMemory- eller WriteProcessMemory-forespørsel ble fullført. (0x12B)
[1128/105131.343:ERROR:process_memory_win.cc(73)] ReadMemory at 0x1ce2f085850 of 60 bytes failed: Bare deler av en ReadProcessMemory- eller WriteProcessMemory-forespørsel ble fullført. (0x12B)
[1128/105131.343:ERROR:process_memory_win.cc(73)] ReadMemory at 0x1ce2f085940 of 62 bytes failed: Bare deler av en ReadProcessMemory- eller WriteProcessMemory-forespørsel ble fullført. (0x12B)
[1128/105131.343:ERROR:process_memory_win.cc(73)] ReadMemory at 0x1ce2f085990 of 64 bytes failed: Bare deler av en ReadProcessMemory- eller WriteProcessMemory-forespørsel ble fullført. (0x12B)
[1128/105131.344:ERROR:process_memory_win.cc(73)] ReadMemory at 0x1ce2f085a80 of 58 bytes failed: Bare deler av en ReadProcessMemory- eller WriteProcessMemory-forespørsel ble fullført. (0x12B)
[1128/105131.344:ERROR:process_memory_win.cc(73)] ReadMemory at 0x1ce2f085ad0 of 60 bytes failed: Bare deler av en ReadProcessMemory- eller WriteProcessMemory-forespørsel ble fullført. (0x12B)
[1128/105131.344:ERROR:process_memory_win.cc(73)] ReadMemory at 0x1ce2f085b20 of 62 bytes failed: Bare deler av en ReadProcessMemory- eller WriteProcessMemory-forespørsel ble fullført. (0x12B)
[1128/105131.344:ERROR:process_memory_win.cc(73)] ReadMemory at 0x1ce2f085c60 of 62 bytes failed: Bare deler av en ReadProcessMemory- eller WriteProcessMemory-forespørsel ble fullført. (0x12B)
[1128/105131.344:ERROR:process_memory_win.cc(73)] ReadMemory at 0x1ce2f085d00 of 64 bytes failed: Bare deler av en ReadProcessMemory- eller WriteProcessMemory-forespørsel ble fullført. (0x12B)
[1128/105131.345:ERROR:process_memory_win.cc(73)] ReadMemory at 0x1ce2f085ee0 of 62 bytes failed: Bare deler av en ReadProcessMemory- eller WriteProcessMemory-forespørsel ble fullført. (0x12B)
[1128/105131.345:ERROR:process_memory_win.cc(73)] ReadMemory at 0x1ce2f085f30 of 62 bytes failed: Bare deler av en ReadProcessMemory- eller WriteProcessMemory-forespørsel ble fullført. (0x12B)
[1128/105131.345:ERROR:process_memory_win.cc(73)] ReadMemory at 0x1ce2f086e30 of 132 bytes failed: Bare deler av en ReadProcessMemory- eller WriteProcessMemory-forespørsel ble fullført. (0x12B)
[1128/105131.345:ERROR:process_memory_win.cc(73)] ReadMemory at 0x1ce2f087550 of 132 bytes failed: Bare deler av en ReadProcessMemory- eller WriteProcessMemory-forespørsel ble fullført. (0x12B)
[1128/105131.346:ERROR:process_memory_win.cc(73)] ReadMemory at 0x1ce2f0878e0 of 132 bytes failed: Bare deler av en ReadProcessMemory- eller WriteProcessMemory-forespørsel ble fullført. (0x12B)
[1128/105131.346:ERROR:process_memory_win.cc(73)] ReadMemory at 0x1ce2f087b40 of 132 bytes failed: Bare deler av en ReadProcessMemory- eller WriteProcessMemory-forespørsel ble fullført. (0x12B)
[1128/105131.346:ERROR:process_memory_win.cc(73)] ReadMemory at 0x1ce2f087da0 of 132 bytes failed: Bare deler av en ReadProcessMemory- eller WriteProcessMemory-forespørsel ble fullført. (0x12B)
[1128/105131.346:ERROR:process_memory_win.cc(73)] ReadMemory at 0x1ce2f087ed0 of 132 bytes failed: Bare deler av en ReadProcessMemory- eller WriteProcessMemory-forespørsel ble fullført. (0x12B)
[1128/105131.346:ERROR:process_memory_win.cc(73)] ReadMemory at 0x1ce2f088130 of 132 bytes failed: Bare deler av en ReadProcessMemory- eller WriteProcessMemory-forespørsel ble fullført. (0x12B)
[1128/105131.346:ERROR:process_memory_win.cc(73)] ReadMemory at 0x1ce2f0884c0 of 132 bytes failed: Bare deler av en ReadProcessMemory- eller WriteProcessMemory-forespørsel ble fullført. (0x12B)
[1128/105131.346:ERROR:process_memory_win.cc(73)] ReadMemory at 0x1ce2f088980 of 132 bytes failed: Bare deler av en ReadProcessMemory- eller WriteProcessMemory-forespørsel ble fullført. (0x12B)
[1128/105131.346:ERROR:process_memory_win.cc(73)] ReadMemory at 0x1ce2f09cc30 of 512 bytes failed: Bare deler av en ReadProcessMemory- eller WriteProcessMemory-forespørsel ble fullført. (0x12B)
[1128/105131.346:ERROR:process_memory_win.cc(73)] ReadMemory at 0x1ce2f1b0dc0 of 512 bytes failed: Bare deler av en ReadProcessMemory- eller WriteProcessMemory-forespørsel ble fullført. (0x12B)
[1128/105131.346:ERROR:process_memory_win.cc(73)] ReadMemory at 0x1ce2f366600 of 512 bytes failed: Bare deler av en ReadProcessMemory- eller WriteProcessMemory-forespørsel ble fullført. (0x12B)
[1128/105131.348:ERROR:process_memory_win.cc(73)] ReadMemory at 0x1ce2f375330 of 800 bytes failed: Bare deler av en ReadProcessMemory- eller WriteProcessMemory-forespørsel ble fullført. (0x12B)
[1128/105131.348:ERROR:process_memory_win.cc(73)] ReadMemory at 0x1ce2f376400 of 512 bytes failed: Bare deler av en ReadProcessMemory- eller WriteProcessMemory-forespørsel ble fullført. (0x12B)
[1128/105131.348:ERROR:process_memory_win.cc(73)] ReadMemory at 0x1ce2f39dd90 of 712 bytes failed: Bare deler av en ReadProcessMemory- eller WriteProcessMemory-forespørsel ble fullført. (0x12B)
[1128/105131.348:ERROR:process_memory_win.cc(73)] ReadMemory at 0x1ce2f3a3bd8 of 1088 bytes failed: Bare deler av en ReadProcessMemory- eller WriteProcessMemory-forespørsel ble fullført. (0x12B)
[1128/105131.348:ERROR:process_memory_win.cc(73)] ReadMemory at 0x1ce3122b6e8 of 512 bytes failed: Bare deler av en ReadProcessMemory- eller WriteProcessMemory-forespørsel ble fullført. (0x12B)
[1128/105131.348:ERROR:process_memory_win.cc(73)] ReadMemory at 0x1ce312f65a0 of 512 bytes failed: Bare deler av en ReadProcessMemory- eller WriteProcessMemory-forespørsel ble fullført. (0x12B)
[1128/105131.348:ERROR:process_memory_win.cc(73)] ReadMemory at 0x1ce31376380 of 512 bytes failed: Bare deler av en ReadProcessMemory- eller WriteProcessMemory-forespørsel ble fullført. (0x12B)
[1128/105131.348:ERROR:process_memory_win.cc(73)] ReadMemory at 0x1ce31378240 of 512 bytes failed: Bare deler av en ReadProcessMemory- eller WriteProcessMemory-forespørsel ble fullført. (0x12B)
[1128/105131.348:ERROR:process_memory_win.cc(73)] ReadMemory at 0x1ce3137b2a0 of 512 bytes failed: Bare deler av en ReadProcessMemory- eller WriteProcessMemory-forespørsel ble fullført. (0x12B)
[1128/105131.348:ERROR:process_memory_win.cc(73)] ReadMemory at 0x7ffdd07b4bec of 512 bytes failed: Bare deler av en ReadProcessMemory- eller WriteProcessMemory-forespørsel ble fullført. (0x12B)
[1128/105131.370:ERROR:scoped_process_suspend.cc(40)] NtResumeProcess: Forsøkte å få tilgang til en avsluttende prosess. (0xc000010a)
